<?xml version="1.0" encoding="UTF-8"?>
<!-- Generated by org.testng.reporters.JUnitReportReporter -->
<testsuite skipped="0" hostname="AnchalT" name="gov.uk.check.visa.AppTest" tests="1" failures="0" timestamp="11 Dec 2021 21:49:10 GMT" time="0.015" errors="0">
  <testcase name="shouldAnswerWithTrue" time="0.015" classname="gov.uk.check.visa.AppTest"/>
</testsuite> <!-- gov.uk.check.visa.AppTest -->
